build/app/intermediates/manifest_merge_blame_file/release/manifest-merger-blame-release-report.txt
1<?xml version="1.0" encoding="utf-8"?>
2<manifest xmlns:android="http://schemas.android.com/apk/res/android"
3    package="com.hyper.elmasreen"
4    android:versionCode="6"
5    android:versionName="1.0.0" >
6
7    <uses-sdk
8        android:minSdkVersion="16"
8-->src\main\AndroidManifest.xml
9        android:targetSdkVersion="29" />
9-->src\main\AndroidManifest.xml
10    <!--
11         io.flutter.app.FlutterApplication is an android.app.Application that
12         calls FlutterMain.startInitialization(this); in its onCreate method.
13         In most cases you can leave this as-is, but you if you want to provide
14         additional functionality it is fine to subclass or reimplement
15         FlutterApplication and put your custom class here.
16    -->
17    <uses-permission android:name="android.permission.ACCESS_FINE_LOCATION" />
17-->src\main\AndroidManifest.xml:8:5-9:66
17-->src\main\AndroidManifest.xml:9:9-63
18    <uses-permission android:name="android.permission.ACCESS_COARSE_LOCATION" />
18-->src\main\AndroidManifest.xml:10:5-11:68
18-->src\main\AndroidManifest.xml:11:9-65
19    <uses-permission android:name="android.permission.READ_EXTERNAL_STORAGE" />
19-->[:image_picker] AndroidManifest.xml:7:5-80
19-->[:image_picker] AndroidManifest.xml:7:22-77
20    <uses-permission android:name="android.permission.WRITE_EXTERNAL_STORAGE" />
20-->[:image_picker] AndroidManifest.xml:8:5-81
20-->[:image_picker] AndroidManifest.xml:8:22-78
21    <uses-permission android:name="android.permission.ACCESS_NETWORK_STATE" />
21-->[com.google.firebase:firebase-iid:20.0.1] AndroidManifest.xml:22:5-79
21-->[com.google.firebase:firebase-iid:20.0.1] AndroidManifest.xml:22:22-76
22    <uses-permission android:name="android.permission.INTERNET" />
22-->[com.google.firebase:firebase-iid:20.0.1] AndroidManifest.xml:23:5-67
22-->[com.google.firebase:firebase-iid:20.0.1] AndroidManifest.xml:23:22-64
23    <uses-permission android:name="android.permission.WAKE_LOCK" /> <!-- Required by older versions of Google Play services to create IID tokens -->
23-->[com.google.firebase:firebase-iid:20.0.1] AndroidManifest.xml:24:5-68
23-->[com.google.firebase:firebase-iid:20.0.1] AndroidManifest.xml:24:22-65
24    <uses-permission android:name="com.google.android.c2dm.permission.RECEIVE" />
24-->[com.google.firebase:firebase-iid:20.0.1] AndroidManifest.xml:26:5-82
24-->[com.google.firebase:firebase-iid:20.0.1] AndroidManifest.xml:26:22-79
25
26    <uses-feature
26-->[com.google.android.gms:play-services-maps:17.0.0] AndroidManifest.xml:26:5-28:35
27        android:glEsVersion="0x00020000"
27-->[com.google.android.gms:play-services-maps:17.0.0] AndroidManifest.xml:27:9-41
28        android:required="true" />
28-->[com.google.android.gms:play-services-maps:17.0.0] AndroidManifest.xml:28:9-32
29
30    <application
30-->src\main\AndroidManifest.xml:12:5-52:19
31        android:name="io.flutter.app.FlutterApplication"
31-->src\main\AndroidManifest.xml:13:9-57
32        android:appComponentFactory="androidx.core.app.CoreComponentFactory"
32-->[androidx.core:core:1.3.2] AndroidManifest.xml:24:18-86
33        android:icon="@mipmap/launcher_icon"
33-->src\main\AndroidManifest.xml:15:9-45
34        android:label="المصريين" >
34-->src\main\AndroidManifest.xml:14:9-33
35        <meta-data
35-->src\main\AndroidManifest.xml:16:9-17:70
36            android:name="com.google.android.geo.API_KEY"
36-->src\main\AndroidManifest.xml:16:20-65
37            android:value="AIzaSyBffrkeZ1CxVMoaVu2kz8ZQDktOxT45t_w" />
37-->src\main\AndroidManifest.xml:17:13-68
38
39        <activity
39-->src\main\AndroidManifest.xml:18:9-46:20
40            android:name="com.hyper.elmasreen.MainActivity"
40-->src\main\AndroidManifest.xml:19:13-60
41            android:configChanges="orientation|keyboardHidden|keyboard|screenSize|smallestScreenSize|locale|layoutDirection|fontScale|screenLayout|density|uiMode"
41-->src\main\AndroidManifest.xml:22:13-163
42            android:hardwareAccelerated="true"
42-->src\main\AndroidManifest.xml:23:13-47
43            android:launchMode="singleTop"
43-->src\main\AndroidManifest.xml:20:13-43
44            android:theme="@style/LaunchTheme"
44-->src\main\AndroidManifest.xml:21:13-47
45            android:windowSoftInputMode="adjustResize" >
45-->src\main\AndroidManifest.xml:24:13-55
46
47            <!--
48                 Specifies an Android theme to apply to this Activity as soon as
49                 the Android process has started. This theme is visible to the user
50                 while the Flutter UI initializes. After that, this theme continues
51                 to determine the Window background behind the Flutter UI.
52            -->
53            <meta-data
53-->src\main\AndroidManifest.xml:29:13-32:17
54                android:name="io.flutter.embedding.android.NormalTheme"
54-->src\main\AndroidManifest.xml:30:15-70
55                android:resource="@style/NormalTheme" />
55-->src\main\AndroidManifest.xml:31:15-52
56            <!--
57                 Displays an Android View that continues showing the launch screen
58                 Drawable until Flutter paints its first frame, then this splash
59                 screen fades out. A splash screen is useful to avoid any visual
60                 gap between the end of Android's launch screen and the painting of
61                 Flutter's first frame.
62            -->
63            <meta-data
63-->src\main\AndroidManifest.xml:38:13-41:17
64                android:name="io.flutter.embedding.android.SplashScreenDrawable"
64-->src\main\AndroidManifest.xml:39:15-79
65                android:resource="@drawable/launch_background" />
65-->src\main\AndroidManifest.xml:40:15-61
66
67            <intent-filter>
67-->src\main\AndroidManifest.xml:42:13-45:29
68                <action android:name="android.intent.action.MAIN" />
68-->src\main\AndroidManifest.xml:43:17-68
68-->src\main\AndroidManifest.xml:43:25-66
69
70                <category android:name="android.intent.category.LAUNCHER" />
70-->src\main\AndroidManifest.xml:44:17-76
70-->src\main\AndroidManifest.xml:44:27-74
71            </intent-filter>
72        </activity>
73        <!--
74             Don't delete the meta-data below.
75             This is used by the Flutter tool to generate GeneratedPluginRegistrant.java
76        -->
77        <meta-data
77-->src\main\AndroidManifest.xml:49:9-51:33
78            android:name="flutterEmbedding"
78-->src\main\AndroidManifest.xml:50:13-44
79            android:value="2" />
79-->src\main\AndroidManifest.xml:51:13-30
80
81        <provider
81-->[:image_picker] AndroidManifest.xml:11:9-19:20
82            android:name="io.flutter.plugins.imagepicker.ImagePickerFileProvider"
82-->[:image_picker] AndroidManifest.xml:12:13-82
83            android:authorities="com.hyper.elmasreen.flutter.image_provider"
83-->[:image_picker] AndroidManifest.xml:13:13-74
84            android:exported="false"
84-->[:image_picker] AndroidManifest.xml:14:13-37
85            android:grantUriPermissions="true" >
85-->[:image_picker] AndroidManifest.xml:15:13-47
86            <meta-data
86-->[:image_picker] AndroidManifest.xml:16:13-18:75
87                android:name="android.support.FILE_PROVIDER_PATHS"
87-->[:image_picker] AndroidManifest.xml:17:17-67
88                android:resource="@xml/flutter_image_picker_file_paths" />
88-->[:image_picker] AndroidManifest.xml:18:17-72
89        </provider>
90
91        <service android:name="io.flutter.plugins.firebasemessaging.FlutterFirebaseMessagingService" >
91-->[:firebase_messaging] AndroidManifest.xml:8:9-12:19
91-->[:firebase_messaging] AndroidManifest.xml:8:18-101
92            <intent-filter>
92-->[:firebase_messaging] AndroidManifest.xml:9:13-11:29
93                <action android:name="com.google.firebase.MESSAGING_EVENT" />
93-->[:firebase_messaging] AndroidManifest.xml:10:17-78
93-->[:firebase_messaging] AndroidManifest.xml:10:25-75
94            </intent-filter>
95        </service>
96        <service
96-->[:firebase_messaging] AndroidManifest.xml:13:9-17:19
97            android:name="com.google.firebase.components.ComponentDiscoveryService"
97-->[:firebase_messaging] AndroidManifest.xml:13:18-89
98            android:directBootAware="true"
98-->[com.google.firebase:firebase-common:19.2.0] AndroidManifest.xml:15:13-43
99            android:exported="false" >
99-->[com.google.firebase:firebase-iid:20.0.1] AndroidManifest.xml:31:13-37
100            <meta-data
100-->[:firebase_messaging] AndroidManifest.xml:14:13-16:85
101                android:name="com.google.firebase.components:io.flutter.plugins.firebasemessaging.FlutterFirebaseAppRegistrar"
101-->[:firebase_messaging] AndroidManifest.xml:15:17-127
102                android:value="com.google.firebase.components.ComponentRegistrar" />
102-->[:firebase_messaging] AndroidManifest.xml:16:17-82
103            <meta-data
103-->[com.google.firebase:firebase-iid:20.0.1] AndroidManifest.xml:32:13-34:85
104                android:name="com.google.firebase.components:com.google.firebase.iid.Registrar"
104-->[com.google.firebase:firebase-iid:20.0.1] AndroidManifest.xml:33:17-96
105                android:value="com.google.firebase.components.ComponentRegistrar" />
105-->[com.google.firebase:firebase-iid:20.0.1] AndroidManifest.xml:34:17-82
106        </service>
107
108        <activity
108-->[:url_launcher] AndroidManifest.xml:8:9-11:74
109            android:name="io.flutter.plugins.urllauncher.WebViewActivity"
109-->[:url_launcher] AndroidManifest.xml:9:13-74
110            android:exported="false"
110-->[:url_launcher] AndroidManifest.xml:10:13-37
111            android:theme="@android:style/Theme.NoTitleBar.Fullscreen" />
111-->[:url_launcher] AndroidManifest.xml:11:13-71
112
113        <service
113-->[:location] AndroidManifest.xml:11:9-15:56
114            android:name="com.lyokone.location.FlutterLocationService"
114-->[:location] AndroidManifest.xml:12:13-71
115            android:enabled="true"
115-->[:location] AndroidManifest.xml:13:13-35
116            android:exported="false"
116-->[:location] AndroidManifest.xml:14:13-37
117            android:foregroundServiceType="location" />
117-->[:location] AndroidManifest.xml:15:13-53
118        <!--
119             FirebaseMessagingService performs security checks at runtime,
120             but set to not exported to explicitly avoid allowing another app to call it.
121        -->
122        <service
122-->[com.google.firebase:firebase-messaging:20.0.1] AndroidManifest.xml:28:9-34:19
123            android:name="com.google.firebase.messaging.FirebaseMessagingService"
123-->[com.google.firebase:firebase-messaging:20.0.1] AndroidManifest.xml:29:13-82
124            android:exported="false" >
124-->[com.google.firebase:firebase-messaging:20.0.1] AndroidManifest.xml:30:13-37
125            <intent-filter android:priority="-500" >
125-->[:firebase_messaging] AndroidManifest.xml:9:13-11:29
126                <action android:name="com.google.firebase.MESSAGING_EVENT" />
126-->[:firebase_messaging] AndroidManifest.xml:10:17-78
126-->[:firebase_messaging] AndroidManifest.xml:10:25-75
127            </intent-filter>
128        </service>
129
130        <receiver
130-->[com.google.firebase:firebase-iid:20.0.1] AndroidManifest.xml:37:9-44:20
131            android:name="com.google.firebase.iid.FirebaseInstanceIdReceiver"
131-->[com.google.firebase:firebase-iid:20.0.1] AndroidManifest.xml:38:13-78
132            android:exported="true"
132-->[com.google.firebase:firebase-iid:20.0.1] AndroidManifest.xml:39:13-36
133            android:permission="com.google.android.c2dm.permission.SEND" >
133-->[com.google.firebase:firebase-iid:20.0.1] AndroidManifest.xml:40:13-73
134            <intent-filter>
134-->[com.google.firebase:firebase-iid:20.0.1] AndroidManifest.xml:41:13-43:29
135                <action android:name="com.google.android.c2dm.intent.RECEIVE" />
135-->[com.google.firebase:firebase-iid:20.0.1] AndroidManifest.xml:42:17-81
135-->[com.google.firebase:firebase-iid:20.0.1] AndroidManifest.xml:42:25-78
136            </intent-filter>
137        </receiver> <!-- Needs to be explicitly declared on P+ -->
138        <uses-library
138-->[com.google.android.gms:play-services-maps:17.0.0] AndroidManifest.xml:33:9-35:40
139            android:name="org.apache.http.legacy"
139-->[com.google.android.gms:play-services-maps:17.0.0] AndroidManifest.xml:34:13-50
140            android:required="false" />
140-->[com.google.android.gms:play-services-maps:17.0.0] AndroidManifest.xml:35:13-37
141
142        <provider
142-->[com.google.firebase:firebase-common:19.2.0] AndroidManifest.xml:19:9-23:39
143            android:name="com.google.firebase.provider.FirebaseInitProvider"
143-->[com.google.firebase:firebase-common:19.2.0] AndroidManifest.xml:20:13-77
144            android:authorities="com.hyper.elmasreen.firebaseinitprovider"
144-->[com.google.firebase:firebase-common:19.2.0] AndroidManifest.xml:21:13-72
145            android:exported="false"
145-->[com.google.firebase:firebase-common:19.2.0] AndroidManifest.xml:22:13-37
146            android:initOrder="100" />
146-->[com.google.firebase:firebase-common:19.2.0] AndroidManifest.xml:23:13-36
147
148        <activity
148-->[com.google.android.gms:play-services-base:17.0.0] AndroidManifest.xml:23:9-26:75
149            android:name="com.google.android.gms.common.api.GoogleApiActivity"
149-->[com.google.android.gms:play-services-base:17.0.0] AndroidManifest.xml:24:13-79
150            android:exported="false"
150-->[com.google.android.gms:play-services-base:17.0.0] AndroidManifest.xml:25:13-37
151            android:theme="@android:style/Theme.Translucent.NoTitleBar" />
151-->[com.google.android.gms:play-services-base:17.0.0] AndroidManifest.xml:26:13-72
152
153        <meta-data
153-->[com.google.android.gms:play-services-basement:17.0.0] AndroidManifest.xml:23:9-25:69
154            android:name="com.google.android.gms.version"
154-->[com.google.android.gms:play-services-basement:17.0.0] AndroidManifest.xml:24:13-58
155            android:value="@integer/google_play_services_version" />
155-->[com.google.android.gms:play-services-basement:17.0.0] AndroidManifest.xml:25:13-66
156    </application>
157
158</manifest>